<?xml version="1.0" encoding="UTF-8"?>
<robot generator="Robot 7.0 (Python 3.10.11 on win32)" generated="2024-06-05T19:29:48.502845" rpa="false" schemaversion="5">
<suite id="s1" name="RegistrationTest" source="c:\Users\User\Documents\GitHub\Test_Intern_QA_Amanda\RegistrationTest.robot">
<test id="s1-t1" name="Invalid Register Leaves all field blank" line="33">
<kw name="Open Browser" owner="SeleniumLibrary">
<msg time="2024-06-05T19:29:48.984772" level="INFO">Opening browser 'Chrome' to base url 'https://thermos.com/account/register'.</msg>
<arg>https://thermos.com/account/register</arg>
<arg>Chrome</arg>
<doc>Opens a new browser instance to the optional ``url``.</doc>
<status status="PASS" start="2024-06-05T19:29:48.984772" elapsed="16.760455"/>
</kw>
<kw name="Scroll Element Into View" owner="SeleniumLibrary">
<arg>css:.btn-gray.btn-full</arg>
<doc>Scrolls the element identified by ``locator`` into view.</doc>
<status status="PASS" start="2024-06-05T19:30:05.747337" elapsed="0.388145"/>
</kw>
<kw name="Run Keyword And Return Status" owner="BuiltIn">
<kw name="Element Should Be Visible" owner="SeleniumLibrary">
<msg time="2024-06-05T19:30:06.299622" level="INFO">Element 'css=.osano-cm-window__dialog' is displayed.</msg>
<arg>css=.osano-cm-window__dialog</arg>
<doc>Verifies that the element identified by ``locator`` is visible.</doc>
<status status="PASS" start="2024-06-05T19:30:06.135482" elapsed="0.164140"/>
</kw>
<msg time="2024-06-05T19:30:06.299622" level="INFO">${COOKIE_BANNER_PRESENT} = True</msg>
<var>${COOKIE_BANNER_PRESENT}</var>
<arg>Element Should Be Visible</arg>
<arg>css=.osano-cm-window__dialog</arg>
<doc>Runs the given keyword with given arguments and returns the status as a Boolean value.</doc>
<status status="PASS" start="2024-06-05T19:30:06.135482" elapsed="0.164140"/>
</kw>
<try>
<branch type="TRY">
<kw name="Run Keyword If" owner="BuiltIn">
<kw name="Run Keywords" owner="BuiltIn">
<kw name="Wait Until Page Contains Element" owner="SeleniumLibrary">
<arg>css=.osano-cm-window__dialog</arg>
<doc>Waits until the element ``locator`` appears on the current page.</doc>
<status status="PASS" start="2024-06-05T19:30:06.299622" elapsed="0.058905"/>
</kw>
<kw name="Click Button" owner="SeleniumLibrary">
<msg time="2024-06-05T19:30:06.359626" level="INFO">Clicking button 'css=.osano-cm-window__dialog'.</msg>
<msg time="2024-06-05T19:30:07.253962" level="INFO" html="true">&lt;/td&gt;&lt;/tr&gt;&lt;tr&gt;&lt;td colspan="3"&gt;&lt;a href="selenium-screenshot-6.png"&gt;&lt;img src="selenium-screenshot-6.png" width="800px"&gt;&lt;/a&gt;</msg>
<msg time="2024-06-05T19:30:07.253962" level="FAIL">Button with locator 'css=.osano-cm-window__dialog' not found.</msg>
<arg>css=.osano-cm-window__dialog</arg>
<doc>Clicks the button identified by ``locator``.</doc>
<status status="FAIL" start="2024-06-05T19:30:06.359626" elapsed="0.909960">Button with locator 'css=.osano-cm-window__dialog' not found.</status>
</kw>
<arg>Wait Until Page Contains Element</arg>
<arg>css=.osano-cm-window__dialog</arg>
<arg>AND</arg>
<arg>Click Button</arg>
<arg>css=.osano-cm-window__dialog</arg>
<doc>Executes all the given keywords in a sequence.</doc>
<status status="FAIL" start="2024-06-05T19:30:06.299622" elapsed="0.969964">Button with locator 'css=.osano-cm-window__dialog' not found.</status>
</kw>
<arg>${COOKIE_BANNER_PRESENT}</arg>
<arg>Run Keywords</arg>
<arg>Wait Until Page Contains Element</arg>
<arg>css=.osano-cm-window__dialog</arg>
<arg>AND</arg>
<arg>Click Button</arg>
<arg>css=.osano-cm-window__dialog</arg>
<doc>Runs the given keyword with the given arguments, if ``condition`` is true.</doc>
<status status="FAIL" start="2024-06-05T19:30:06.299622" elapsed="0.969964">Button with locator 'css=.osano-cm-window__dialog' not found.</status>
</kw>
<status status="FAIL" start="2024-06-05T19:30:06.299622" elapsed="0.969964">Button with locator 'css=.osano-cm-window__dialog' not found.</status>
</branch>
<branch type="EXCEPT">
<pattern>ElementNotVisibleException</pattern>
<kw name="Log" owner="BuiltIn">
<arg>Cookie banner not present, skipping</arg>
<doc>Logs the given message with the given level.</doc>
<status status="NOT RUN" start="2024-06-05T19:30:07.269586" elapsed="0.000000"/>
</kw>
<status status="NOT RUN" start="2024-06-05T19:30:07.269586" elapsed="0.000000"/>
</branch>
<status status="FAIL" start="2024-06-05T19:30:06.299622" elapsed="0.969964">Button with locator 'css=.osano-cm-window__dialog' not found.</status>
</try>
<kw name="Sleep" owner="BuiltIn">
<arg>3s</arg>
<doc>Pauses the test executed for the given time.</doc>
<status status="NOT RUN" start="2024-06-05T19:30:07.269586" elapsed="0.000000"/>
</kw>
<kw name="Click Button" owner="SeleniumLibrary">
<arg>css:.btn-gray.btn-full</arg>
<doc>Clicks the button identified by ``locator``.</doc>
<status status="NOT RUN" start="2024-06-05T19:30:07.269586" elapsed="0.000000"/>
</kw>
<kw name="Element Should Be Visible" owner="SeleniumLibrary">
<arg>css=.errors</arg>
<doc>Verifies that the element identified by ``locator`` is visible.</doc>
<status status="NOT RUN" start="2024-06-05T19:30:07.269586" elapsed="0.000000"/>
</kw>
<status status="FAIL" start="2024-06-05T19:29:48.984772" elapsed="18.284814">Button with locator 'css=.osano-cm-window__dialog' not found.</status>
</test>
<status status="FAIL" start="2024-06-05T19:29:48.502845" elapsed="18.782373"/>
</suite>
<statistics>
<total>
<stat pass="0" fail="1" skip="0">All Tests</stat>
</total>
<tag>
</tag>
<suite>
<stat pass="0" fail="1" skip="0" id="s1" name="RegistrationTest">RegistrationTest</stat>
</suite>
</statistics>
<errors>
</errors>
</robot>
