<?xml version="1.0" encoding="UTF-8"?>
<robot generator="Robot 7.0 (Python 3.10.11 on win32)" generated="2024-06-17T20:14:03.771466" rpa="false" schemaversion="5">
<suite id="s1" name="RegistrationTest" source="c:\Users\User\Documents\GitHub\Test_Intern_QA_Amanda\RegistrationTest.robot">
<test id="s1-t1" name="Invalid Register fill in all columns with valid data but email has no @" line="121">
<kw name="Open Browser" owner="SeleniumLibrary">
<msg time="2024-06-17T20:14:04.141506" level="INFO">Opening browser 'Chrome' to base url 'https://thermos.com/account/register'.</msg>
<arg>${REGISTER_URL}</arg>
<arg>${BROWSER}</arg>
<doc>Opens a new browser instance to the optional ``url``.</doc>
<status status="PASS" start="2024-06-17T20:14:04.141506" elapsed="9.143318"/>
</kw>
<kw name="Input Text" owner="SeleniumLibrary">
<msg time="2024-06-17T20:14:13.284824" level="INFO">Typing text 'Amanda Amelia' into text field 'id=FirstName'.</msg>
<arg>id=FirstName</arg>
<arg>Amanda Amelia</arg>
<doc>Types the given ``text`` into the text field identified by ``locator``.</doc>
<status status="PASS" start="2024-06-17T20:14:13.284824" elapsed="0.410797"/>
</kw>
<kw name="Input Text" owner="SeleniumLibrary">
<msg time="2024-06-17T20:14:13.698639" level="INFO">Typing text 'AmandaAmeliagmail.com' into text field 'id=Email'.</msg>
<arg>id=Email</arg>
<arg>AmandaAmeliagmail.com</arg>
<doc>Types the given ``text`` into the text field identified by ``locator``.</doc>
<status status="PASS" start="2024-06-17T20:14:13.695621" elapsed="0.405634"/>
</kw>
<kw name="Input Text" owner="SeleniumLibrary">
<msg time="2024-06-17T20:14:14.101255" level="INFO">Typing text '089726384763' into text field 'id=Phone'.</msg>
<arg>id=Phone</arg>
<arg>089726384763</arg>
<doc>Types the given ``text`` into the text field identified by ``locator``.</doc>
<status status="PASS" start="2024-06-17T20:14:14.101255" elapsed="0.232524"/>
</kw>
<kw name="Input Text" owner="SeleniumLibrary">
<msg time="2024-06-17T20:14:14.334679" level="INFO">Typing text 'Amanda12345' into text field 'id=CreatePassword'.</msg>
<arg>id=CreatePassword</arg>
<arg>Amanda12345</arg>
<doc>Types the given ``text`` into the text field identified by ``locator``.</doc>
<status status="PASS" start="2024-06-17T20:14:14.334679" elapsed="0.239197"/>
</kw>
<kw name="Input Text" owner="SeleniumLibrary">
<msg time="2024-06-17T20:14:14.573876" level="INFO">Typing text 'Amanda12345' into text field 'name=customer[password_confirmation]'.</msg>
<arg>name=customer[password_confirmation]</arg>
<arg>Amanda12345</arg>
<doc>Types the given ``text`` into the text field identified by ``locator``.</doc>
<status status="PASS" start="2024-06-17T20:14:14.573876" elapsed="0.232554"/>
</kw>
<kw name="Handle Cookie Banner">
<kw name="Run Keyword And Ignore Error" owner="BuiltIn">
<kw name="Wait Until Element Is Visible" owner="SeleniumLibrary">
<arg>${COOKIE_BANNER}</arg>
<arg>timeout=5s</arg>
<doc>Waits until the element ``locator`` is visible.</doc>
<status status="PASS" start="2024-06-17T20:14:14.807489" elapsed="0.039647"/>
</kw>
<arg>Wait Until Element Is Visible</arg>
<arg>${COOKIE_BANNER}</arg>
<arg>timeout=5s</arg>
<doc>Runs the given keyword with the given arguments and ignores possible error.</doc>
<status status="PASS" start="2024-06-17T20:14:14.807489" elapsed="0.039647"/>
</kw>
<kw name="Run Keyword And Return Status" owner="BuiltIn">
<kw name="Element Should Be Visible" owner="SeleniumLibrary">
<msg time="2024-06-17T20:14:14.901280" level="INFO">Element 'css:.osano-cm-window__dialog .osano-cm-dialog__close' is displayed.</msg>
<arg>${COOKIE_BANNER}</arg>
<doc>Verifies that the element identified by ``locator`` is visible.</doc>
<status status="PASS" start="2024-06-17T20:14:14.847136" elapsed="0.054144"/>
</kw>
<msg time="2024-06-17T20:14:14.901280" level="INFO">${banner_visible} = True</msg>
<var>${banner_visible}</var>
<arg>Element Should Be Visible</arg>
<arg>${COOKIE_BANNER}</arg>
<doc>Runs the given keyword with given arguments and returns the status as a Boolean value.</doc>
<status status="PASS" start="2024-06-17T20:14:14.847136" elapsed="0.054144"/>
</kw>
<if>
<branch type="IF" condition="${banner_visible}">
<kw name="Click Button" owner="SeleniumLibrary">
<msg time="2024-06-17T20:14:14.901280" level="INFO">Clicking button 'css:.osano-cm-window__dialog .osano-cm-dialog__close'.</msg>
<arg>${COOKIE_BANNER}</arg>
<doc>Clicks the button identified by ``locator``.</doc>
<status status="PASS" start="2024-06-17T20:14:14.901280" elapsed="0.149039"/>
</kw>
<kw name="Sleep" owner="BuiltIn">
<msg time="2024-06-17T20:14:16.062517" level="INFO">Slept 1 second.</msg>
<arg>1s</arg>
<doc>Pauses the test executed for the given time.</doc>
<status status="PASS" start="2024-06-17T20:14:15.050319" elapsed="1.012198"/>
</kw>
<status status="PASS" start="2024-06-17T20:14:14.901280" elapsed="1.161237"/>
</branch>
<status status="PASS" start="2024-06-17T20:14:14.901280" elapsed="1.161237"/>
</if>
<doc>Menangani banner cookie jika ada</doc>
<status status="PASS" start="2024-06-17T20:14:14.807489" elapsed="1.255028"/>
</kw>
<kw name="Scroll Element Into View" owner="SeleniumLibrary">
<arg>${REGISTER_BUTTON}</arg>
<doc>Scrolls the element identified by ``locator`` into view.</doc>
<status status="PASS" start="2024-06-17T20:14:16.062517" elapsed="0.339871"/>
</kw>
<kw name="Click Button" owner="SeleniumLibrary">
<msg time="2024-06-17T20:14:16.419145" level="INFO">Clicking button 'css:.btn-gray.btn-full'.</msg>
<arg>${REGISTER_BUTTON}</arg>
<doc>Clicks the button identified by ``locator``.</doc>
<status status="PASS" start="2024-06-17T20:14:16.402388" elapsed="0.865986"/>
</kw>
<kw name="Location Should Be" owner="SeleniumLibrary">
<msg time="2024-06-17T20:14:17.285089" level="INFO">Current location is 'https://thermos.com/account/register'.</msg>
<arg>${REGISTER_URL}</arg>
<doc>Verifies that the current URL is exactly ``url``.</doc>
<status status="PASS" start="2024-06-17T20:14:17.271268" elapsed="0.013821"/>
</kw>
<status status="PASS" start="2024-06-17T20:14:04.131233" elapsed="13.153856"/>
</test>
<status status="PASS" start="2024-06-17T20:14:03.771466" elapsed="13.527142"/>
</suite>
<statistics>
<total>
<stat pass="1" fail="0" skip="0">All Tests</stat>
</total>
<tag>
</tag>
<suite>
<stat pass="1" fail="0" skip="0" id="s1" name="RegistrationTest">RegistrationTest</stat>
</suite>
</statistics>
<errors>
</errors>
</robot>
