<?xml version="1.0" encoding="UTF-8"?>
<robot generator="Robot 7.0 (Python 3.10.11 on win32)" generated="2024-06-05T17:28:40.398431" rpa="false" schemaversion="5">
<suite id="s1" name="Testexample" source="c:\Users\User\Documents\GitHub\Test_Intern_QA_Amanda\testexample.robot">
<test id="s1-t1" name="Invalid Register fill in all columns with valid data but leave names blank" line="22">
<kw name="Open Browser" owner="SeleniumLibrary">
<msg time="2024-06-05T17:28:40.945889" level="INFO">Opening browser 'Chrome' to base url 'https://thermos.com/account/register'.</msg>
<arg>https://thermos.com/account/register</arg>
<arg>Chrome</arg>
<doc>Opens a new browser instance to the optional ``url``.</doc>
<status status="PASS" start="2024-06-05T17:28:40.945889" elapsed="8.056250"/>
</kw>
<kw name="Input Text" owner="SeleniumLibrary">
<msg time="2024-06-05T17:28:49.006138" level="INFO">Typing text 'AmandaAmelia@gmail.com' into text field 'id=Email'.</msg>
<arg>id=Email</arg>
<arg>AmandaAmelia@gmail.com</arg>
<doc>Types the given ``text`` into the text field identified by ``locator``.</doc>
<status status="PASS" start="2024-06-05T17:28:49.004130" elapsed="0.668193"/>
</kw>
<kw name="Input Text" owner="SeleniumLibrary">
<msg time="2024-06-05T17:28:49.687941" level="INFO">Typing text '089726384763' into text field 'id=Phone'.</msg>
<arg>id=Phone</arg>
<arg>089726384763</arg>
<doc>Types the given ``text`` into the text field identified by ``locator``.</doc>
<status status="PASS" start="2024-06-05T17:28:49.687941" elapsed="0.335256"/>
</kw>
<kw name="Input Text" owner="SeleniumLibrary">
<msg time="2024-06-05T17:28:50.025200" level="INFO">Typing text 'Amanda12345' into text field 'id=CreatePassword'.</msg>
<arg>id=CreatePassword</arg>
<arg>Amanda12345</arg>
<doc>Types the given ``text`` into the text field identified by ``locator``.</doc>
<status status="PASS" start="2024-06-05T17:28:50.024201" elapsed="0.370445"/>
</kw>
<kw name="Input Text" owner="SeleniumLibrary">
<msg time="2024-06-05T17:28:50.397642" level="INFO">Typing text 'Amanda12345' into text field 'name=customer[password_confirmation]'.</msg>
<arg>name=customer[password_confirmation]</arg>
<arg>Amanda12345</arg>
<doc>Types the given ``text`` into the text field identified by ``locator``.</doc>
<status status="PASS" start="2024-06-05T17:28:50.396644" elapsed="0.830384"/>
</kw>
<kw name="Click Button" owner="SeleniumLibrary">
<msg time="2024-06-05T17:28:51.229036" level="INFO">Clicking button 'xpath=//button[text()='CREATE AN ACCOUNT']'.</msg>
<msg time="2024-06-05T17:28:52.753269" level="INFO" html="true">&lt;/td&gt;&lt;/tr&gt;&lt;tr&gt;&lt;td colspan="3"&gt;&lt;a href="selenium-screenshot-1.png"&gt;&lt;img src="selenium-screenshot-1.png" width="800px"&gt;&lt;/a&gt;</msg>
<msg time="2024-06-05T17:28:52.754260" level="FAIL">ElementClickInterceptedException: Message: element click intercepted: Element &lt;button type="submit" class="btn-gray btn-full"&gt;...&lt;/button&gt; is not clickable at point (509, 630). Other element would receive the click: &lt;div role="dialog" id="7581fc01-1701-49ef-aa0f-8e8a6cb7b769" aria-label="Cookie Consent Banner" aria-describedby="7581fc01-1701-49ef-aa0f-8e8a6cb7b769__label" class="osano-cm-window__dialog osano-cm-dialog osano-cm-dialog--position_bottom osano-cm-dialog--type_bar"&gt;...&lt;/div&gt;
  (Session info: chrome=125.0.6422.142)
Stacktrace:
	GetHandleVerifier [0x00007FF6BEB51F52+60322]
	(No symbol) [0x00007FF6BEACCEC9]
	(No symbol) [0x00007FF6BE987EBA]
	(No symbol) [0x00007FF6BE9DF32E]
	(No symbol) [0x00007FF6BE9DCCF2]
	(No symbol) [0x00007FF6BE9DA18B]
	(No symbol) [0x00007FF6BE9D9356]
	(No symbol) [0x00007FF6BE9CB491]
	(No symbol) [0x00007FF6BE9FC21A]
	(No symbol) [0x00007FF6BE9CADB6]
	(No symbol) [0x00007FF6BE9FC430]
	(No symbol) [0x00007FF6BEA1BC80]
	(No symbol) [0x00007FF6BE9FBFC3]
	(No symbol) [0x00007FF6BE9C9617]
	(No symbol) [0x00007FF6BE9CA211]
	GetHandleVerifier [0x00007FF6BEE694AD+3301629]
	GetHandleVerifier [0x00007FF6BEEB36D3+3605283]
	GetHandleVerifier [0x00007FF6BEEA9450+3563680]
	GetHandleVerifier [0x00007FF6BEC04326+790390]
	(No symbol) [0x00007FF6BEAD750F]
	(No symbol) [0x00007FF6BEAD3404]
	(No symbol) [0x00007FF6BEAD3592]
	(No symbol) [0x00007FF6BEAC2F9F]
	BaseThreadInitThunk [0x00007FFC24CD257D+29]
	RtlUserThreadStart [0x00007FFC26FEAA48+40]
</msg>
<arg>xpath=//button[text()='CREATE AN ACCOUNT']</arg>
<doc>Clicks the button identified by ``locator``.</doc>
<status status="FAIL" start="2024-06-05T17:28:51.228027" elapsed="1.536487">ElementClickInterceptedException: Message: element click intercepted: Element &lt;button type="submit" class="btn-gray btn-full"&gt;...&lt;/button&gt; is not clickable at point (509, 630). Other element would receive the click: &lt;div role="dialog" id="7581fc01-1701-49ef-aa0f-8e8a6cb7b769" aria-label="Cookie Consent Banner" aria-describedby="7581fc01-1701-49ef-aa0f-8e8a6cb7b769__label" class="osano-cm-window__dialog osano-cm-dialog osano-cm-dialog--position_bottom osano-cm-dialog--type_bar"&gt;...&lt;/div&gt;
  (Session info: chrome=125.0.6422.142)
Stacktrace:
	GetHandleVerifier [0x00007FF6BEB51F52+60322]
	(No symbol) [0x00007FF6BEACCEC9]
	(No symbol) [0x00007FF6BE987EBA]
	(No symbol) [0x00007FF6BE9DF32E]
	(No symbol) [0x00007FF6BE9DCCF2]
	(No symbol) [0x00007FF6BE9DA18B]
	(No symbol) [0x00007FF6BE9D9356]
	(No symbol) [0x00007FF6BE9CB491]
	(No symbol) [0x00007FF6BE9FC21A]
	(No symbol) [0x00007FF6BE9CADB6]
	(No symbol) [0x00007FF6BE9FC430]
	(No symbol) [0x00007FF6BEA1BC80]
	(No symbol) [0x00007FF6BE9FBFC3]
	(No symbol) [0x00007FF6BE9C9617]
	(No symbol) [0x00007FF6BE9CA211]
	GetHandleVerifier [0x00007FF6BEE694AD+3301629]
	GetHandleVerifier [0x00007FF6BEEB36D3+3605283]
	GetHandleVerifier [0x00007FF6BEEA9450+3563680]
	GetHandleVerifier [0x00007FF6BEC04326+790390]
	(No symbol) [0x00007FF6BEAD750F]
	(No symbol) [0x00007FF6BEAD3404]
	(No symbol) [0x00007FF6BEAD3592]
	(No symbol) [0x00007FF6BEAC2F9F]
	BaseThreadInitThunk [0x00007FFC24CD257D+29]
	RtlUserThreadStart [0x00007FFC26FEAA48+40]
</status>
</kw>
<kw name="Element Should Be Visible" owner="SeleniumLibrary">
<arg>css=.errors</arg>
<doc>Verifies that the element identified by ``locator`` is visible.</doc>
<status status="NOT RUN" start="2024-06-05T17:28:52.766515" elapsed="0.001000"/>
</kw>
<status status="FAIL" start="2024-06-05T17:28:40.945889" elapsed="11.822624">ElementClickInterceptedException: Message: element click intercepted: Element &lt;button type="submit" class="btn-gray btn-full"&gt;...&lt;/button&gt; is not clickable at point (509, 630). Other element would receive the click: &lt;div role="dialog" id="7581fc01-1701-49ef-aa0f-8e8a6cb7b769" aria-label="Cookie Consent Banner" aria-describedby="7581fc01-1701-49ef-aa0f-8e8a6cb7b769__label" class="osano-cm-window__dialog osano-cm-dialog osano-cm-dialog--position_bottom osano-cm-dialog--type_bar"&gt;...&lt;/div&gt;
  (Session info: chrome=125.0.6422.142)
Stacktrace:
	GetHandleVerifier [0x00007FF6BEB51F52+60322]
	(No symbol) [0x00007FF6BEACCEC9]
	(No symbol) [0x00007FF6BE987EBA]
	(No symbol) [0x00007FF6BE9DF32E]
	(No symbol) [0x00007FF6BE9DCCF2]
	(No symbol) [0x00007FF6BE9DA18B]
	(No symbol) [0x00007FF6BE9D9356]
	(No symbol) [0x00007FF6BE9CB491]
	(No symbol) [0x00007FF6BE9FC21A]
	(No symbol) [0x00007FF6BE9CADB6]
	(No symbol) [0x00007FF6BE9FC430]
	(No symbol) [0x00007FF6BEA1BC80]
	(No symbol) [0x00007FF6BE9FBFC3]
	(No symbol) [0x00007FF6BE9C9617]
	(No symbol) [0x00007FF6BE9CA211]
	GetHandleVerifier [0x00007FF6BEE694AD+3301629]
	GetHandleVerifier [0x00007FF6BEEB36D3+3605283]
	GetHandleVerifier [0x00007FF6BEEA9450+3563680]
	GetHandleVerifier [0x00007FF6BEC04326+790390]
	(No symbol) [0x00007FF6BEAD750F]
	(No symbol) [0x00007FF6BEAD3404]
	(No symbol) [0x00007FF6BEAD3592]
	(No symbol) [0x00007FF6BEAC2F9F]
	BaseThreadInitThunk [0x00007FFC24CD257D+29]
	RtlUserThreadStart [0x00007FFC26FEAA48+40]
</status>
</test>
<status status="FAIL" start="2024-06-05T17:28:40.416606" elapsed="12.358989"/>
</suite>
<statistics>
<total>
<stat pass="0" fail="1" skip="0">All Tests</stat>
</total>
<tag>
</tag>
<suite>
<stat pass="0" fail="1" skip="0" id="s1" name="Testexample">Testexample</stat>
</suite>
</statistics>
<errors>
</errors>
</robot>
